<?xml version="1.0" encoding="UTF-8"?>
<testng-results ignored="0" total="5" passed="5" failed="0" skipped="0">
  <reporter-output>
  </reporter-output>
  <suite started-at="2025-09-01T11:33:14 IST" name="IdentifyCoursesTestSuite" finished-at="2025-09-01T11:36:09 IST" duration-ms="175165">
    <groups>
      <group name="cucumber">
        <method signature="AbstractTestNGCucumberTests.runScenario(io.cucumber.testng.PickleWrapper,io.cucumber.testng.FeatureWrapper)[pri:0, instance:com.identifycourses.runners.TestRunner@6d0b5baf]" name="runScenario" class="io.cucumber.testng.AbstractTestNGCucumberTests"/>
        <method signature="AbstractTestNGCucumberTests.runScenario(io.cucumber.testng.PickleWrapper,io.cucumber.testng.FeatureWrapper)[pri:0, instance:com.identifycourses.runners.RerunTestRunner@6326d182]" name="runScenario" class="io.cucumber.testng.AbstractTestNGCucumberTests"/>
      </group> <!-- cucumber -->
    </groups>
    <test started-at="2025-09-01T11:33:14 IST" name="IdentifyCoursesTest" finished-at="2025-09-01T11:35:52 IST" duration-ms="157728">
      <class name="com.identifycourses.runners.TestRunner">
        <test-method is-config="true" signature="setUpClass(org.testng.ITestContext)[pri:0, instance:com.identifycourses.runners.TestRunner@6d0b5baf]" started-at="2025-09-01T11:33:14 IST" name="setUpClass" finished-at="2025-09-01T11:33:15 IST" duration-ms="709" status="PASS">
          <params>
            <param index="0">
              <value>
                <![CDATA[org.testng.TestRunner@7ebaf0d]]>
              </value>
            </param>
          </params>
          <reporter-output>
          </reporter-output>
        </test-method> <!-- setUpClass -->
        <test-method signature="runScenario(io.cucumber.testng.PickleWrapper,io.cucumber.testng.FeatureWrapper)[pri:0, instance:com.identifycourses.runners.TestRunner@6d0b5baf]" started-at="2025-09-01T11:33:15 IST" name="runScenario" description="Runs Cucumber Scenarios" data-provider="scenarios" finished-at="2025-09-01T11:33:35 IST" duration-ms="20358" status="PASS">
          <params>
            <param index="0">
              <value>
                <![CDATA["Search a course from the homepage"]]>
              </value>
            </param>
            <param index="1">
              <value>
                <![CDATA["Search Courses on Coursera"]]>
              </value>
            </param>
          </params>
          <reporter-output>
          </reporter-output>
        </test-method> <!-- runScenario -->
        <test-method signature="runScenario(io.cucumber.testng.PickleWrapper,io.cucumber.testng.FeatureWrapper)[pri:0, instance:com.identifycourses.runners.TestRunner@6d0b5baf]" started-at="2025-09-01T11:33:35 IST" name="runScenario" description="Runs Cucumber Scenarios" data-provider="scenarios" finished-at="2025-09-01T11:33:57 IST" duration-ms="21585" status="PASS">
          <params>
            <param index="0">
              <value>
                <![CDATA["Filter beginner English courses and extract details"]]>
              </value>
            </param>
            <param index="1">
              <value>
                <![CDATA["Filter courses and extract details"]]>
              </value>
            </param>
          </params>
          <reporter-output>
          </reporter-output>
        </test-method> <!-- runScenario -->
        <test-method signature="runScenario(io.cucumber.testng.PickleWrapper,io.cucumber.testng.FeatureWrapper)[pri:0, instance:com.identifycourses.runners.TestRunner@6d0b5baf]" started-at="2025-09-01T11:33:57 IST" name="runScenario" description="Runs Cucumber Scenarios" data-provider="scenarios" finished-at="2025-09-01T11:34:25 IST" duration-ms="28446" status="PASS">
          <params>
            <param index="0">
              <value>
                <![CDATA["Open language learning and fetch languages and levels"]]>
              </value>
            </param>
            <param index="1">
              <value>
                <![CDATA["Explore Language Learning details"]]>
              </value>
            </param>
          </params>
          <reporter-output>
          </reporter-output>
        </test-method> <!-- runScenario -->
        <test-method signature="runScenario(io.cucumber.testng.PickleWrapper,io.cucumber.testng.FeatureWrapper)[pri:0, instance:com.identifycourses.runners.TestRunner@6d0b5baf]" started-at="2025-09-01T11:34:25 IST" name="runScenario" description="Runs Cucumber Scenarios" data-provider="scenarios" finished-at="2025-09-01T11:34:51 IST" duration-ms="25527" status="PASS">
          <params>
            <param index="0">
              <value>
                <![CDATA["Go to Enterprise Campus product page from the homepage"]]>
              </value>
            </param>
            <param index="1">
              <value>
                <![CDATA["Navigate to Coursera Enterprise"]]>
              </value>
            </param>
          </params>
          <reporter-output>
          </reporter-output>
        </test-method> <!-- runScenario -->
        <test-method signature="runScenario(io.cucumber.testng.PickleWrapper,io.cucumber.testng.FeatureWrapper)[pri:0, instance:com.identifycourses.runners.TestRunner@6d0b5baf]" started-at="2025-09-01T11:34:51 IST" name="runScenario" description="Runs Cucumber Scenarios" data-provider="scenarios" finished-at="2025-09-01T11:35:32 IST" duration-ms="40641" status="PASS">
          <params>
            <param index="0">
              <value>
                <![CDATA["Navigate to enterprise and fill the form from the homepage"]]>
              </value>
            </param>
            <param index="1">
              <value>
                <![CDATA["Interact with Coursera Enterprise"]]>
              </value>
            </param>
          </params>
          <reporter-output>
          </reporter-output>
        </test-method> <!-- runScenario -->
        <test-method is-config="true" signature="tearDownClass()[pri:0, instance:com.identifycourses.runners.TestRunner@6d0b5baf]" started-at="2025-09-01T11:35:32 IST" name="tearDownClass" finished-at="2025-09-01T11:35:52 IST" duration-ms="20384" status="PASS">
          <reporter-output>
          </reporter-output>
        </test-method> <!-- tearDownClass -->
      </class> <!-- com.identifycourses.runners.TestRunner -->
    </test> <!-- IdentifyCoursesTest -->
    <test started-at="2025-09-01T11:35:52 IST" name="IdentifyCoursesRerun" finished-at="2025-09-01T11:36:09 IST" duration-ms="17410">
      <class name="com.identifycourses.runners.RerunTestRunner">
        <test-method is-config="true" signature="setUpClass(org.testng.ITestContext)[pri:0, instance:com.identifycourses.runners.RerunTestRunner@6326d182]" started-at="2025-09-01T11:35:52 IST" name="setUpClass" finished-at="2025-09-01T11:35:52 IST" duration-ms="32" status="PASS">
          <params>
            <param index="0">
              <value>
                <![CDATA[org.testng.TestRunner@694b1ddb]]>
              </value>
            </param>
          </params>
          <reporter-output>
          </reporter-output>
        </test-method> <!-- setUpClass -->
        <test-method is-config="true" signature="tearDownClass()[pri:0, instance:com.identifycourses.runners.RerunTestRunner@6326d182]" started-at="2025-09-01T11:35:52 IST" name="tearDownClass" finished-at="2025-09-01T11:36:09 IST" duration-ms="17374" status="PASS">
          <reporter-output>
          </reporter-output>
        </test-method> <!-- tearDownClass -->
      </class> <!-- com.identifycourses.runners.RerunTestRunner -->
    </test> <!-- IdentifyCoursesRerun -->
  </suite> <!-- IdentifyCoursesTestSuite -->
</testng-results>
