<?xml version="1.0" encoding="UTF-8"?>
<testsuite xmlns:xsi="http://www.w3.org/2001/XMLSchema-instance" xsi:noNamespaceSchemaLocation="https://maven.apache.org/surefire/maven-surefire-plugin/xsd/surefire-test-report.xsd" version="3.0.2" name="TestSuite" time="177.098" tests="5" errors="0" skipped="0" failures="0">
  <properties>
[...]
</properties>
  <testcase name="runScenario[&quot;Search a course from the homepage&quot;, &quot;Search Courses on Coursera&quot;](1)" classname="com.identifycourses.runners.TestRunner" time="20.363">
    <system-out><![CDATA[11:33:14.127 [main] WARN  org.testng.xml.TestNGContentHandler - It is strongly recommended to add "<!DOCTYPE suite SYSTEM "https://testng.org/testng-1.1.dtd" >" at the top of the suite file [C:\Users\2421375\Downloads\IdentifyCourses 2\IdentifyCourses\IdentifyCourses2\src\test\resources\testng.xml] otherwise TestNG may fail or not work as expected.

@search
Scenario: Search a course from the homepage          # src/test/resources/features/1_search_courses.feature:4
11:33:15.631 [main] INFO  com.identifycourses.utils.ConfigReader - Configuration properties loaded successfully
11:33:15.633 [main] INFO  com.identifycourses.base.DriverSetup - Initializing WebDriver for browser: chrome
11:33:18.400 [main] INFO  io.github.bonigarcia.wdm.WebDriverManager - Using chromedriver 138.0.7204.183 (resolved driver for Chrome 138)
11:33:18.437 [main] INFO  io.github.bonigarcia.wdm.WebDriverManager - Exporting webdriver.chrome.driver as C:\Users\2421375\.cache\selenium\chromedriver\win64\138.0.7204.183\chromedriver.exe
11:33:21.138 [main] INFO  com.identifycourses.base.DriverSetup - WebDriver initialized successfully
11:33:21.139 [main] INFO  com.identifycourses.base.DriverSetup - Navigating to application URL: https://coursera.org/
  Given the browser is open on the Coursera homepage # com.identifycourses.stepdefinitions.SearchCoursesSteps.the_browser_is_open_on_the_coursera_homepage()
11:33:25.850 [main] INFO  com.identifycourses.pages.HomePage - Attempting search
11:33:30.792 [main] INFO  com.identifycourses.pages.HomePage - searching
  When the user searches for "web development"       # com.identifycourses.stepdefinitions.SearchCoursesSteps.the_user_searches_for(java.lang.String)
11:33:30.803 [main] INFO  com.identifycourses.base.DriverSetup - Closing browser and cleaning up resources
11:33:35.840 [main] INFO  com.identifycourses.base.DriverSetup - Browser closed successfully
]]></system-out>
  </testcase>
  <testcase name="runScenario[&quot;Filter beginner English courses and extract details&quot;, &quot;Filter courses and extract details&quot;](2)" classname="com.identifycourses.runners.TestRunner" time="21.58">
    <system-out><![CDATA[
@filter
Scenario: Filter beginner English courses and extract details # src/test/resources/features/2_filter_extract.feature:4
11:33:35.908 [main] INFO  com.identifycourses.base.DriverSetup - Initializing WebDriver for browser: chrome
11:33:35.943 [main] INFO  io.github.bonigarcia.wdm.WebDriverManager - Using chromedriver 138.0.7204.183 (resolved driver for Chrome 138)
11:33:35.956 [main] INFO  io.github.bonigarcia.wdm.WebDriverManager - Exporting webdriver.chrome.driver as C:\Users\2421375\.cache\selenium\chromedriver\win64\138.0.7204.183\chromedriver.exe
11:33:38.068 [main] INFO  com.identifycourses.base.DriverSetup - WebDriver initialized successfully
11:33:38.068 [main] INFO  com.identifycourses.base.DriverSetup - Navigating to application URL: https://coursera.org/
  Given the browser is open on the Coursera homepage          # com.identifycourses.stepdefinitions.SearchCoursesSteps.the_browser_is_open_on_the_coursera_homepage()
11:33:43.276 [main] INFO  com.identifycourses.pages.HomePage - Attempting search
11:33:47.373 [main] INFO  com.identifycourses.pages.HomePage - searching
  When the user searches for "web development"                # com.identifycourses.stepdefinitions.SearchCoursesSteps.the_user_searches_for(java.lang.String)
11:33:47.545 [main] INFO  com.identifycourses.pages.SearchPage - Scrolling to English language element
11:33:47.590 [main] INFO  com.identifycourses.pages.SearchPage - Clicking English language element
11:33:50.051 [main] INFO  com.identifycourses.pages.SearchPage - Clicked English language element
  And the user filters beginner level and English language    # com.identifycourses.stepdefinitions.FilterExtractSteps.the_user_filters_beginner_level_and_english_language()
11:33:51.363 [main] INFO  com.identifycourses.pages.SearchPage - Course Name - HTML, CSS, and Javascript for Web Developers
11:33:51.364 [main] INFO  com.identifycourses.pages.SearchPage - Rating - 4.5
11:33:51.365 [main] INFO  com.identifycourses.pages.SearchPage - Duration - 1 - 4 Weeks
11:33:51.701 [main] INFO  com.identifycourses.pages.SearchPage - Course Name - Java Programming and Software Engineering Fundamentals
11:33:51.701 [main] INFO  com.identifycourses.pages.SearchPage - Rating - 4.5
11:33:51.703 [main] INFO  com.identifycourses.pages.SearchPage - Duration - 1 - 4 Weeks
11:33:51.736 [main] INFO  com.identifycourses.utils.CsvUtil - Wrote 2 search result(s) to C:\Users\2421375\Downloads\IdentifyCourses 2\IdentifyCourses\IdentifyCourses2\src\test\resources\testdata\course_details.csv
  Then the user extracts top results                          # com.identifycourses.stepdefinitions.FilterExtractSteps.the_user_extracts_top_results()
11:33:51.738 [main] INFO  com.identifycourses.base.DriverSetup - Closing browser and cleaning up resources
11:33:57.457 [main] INFO  com.identifycourses.base.DriverSetup - Browser closed successfully
]]></system-out>
  </testcase>
  <testcase name="runScenario[&quot;Open language learning and fetch languages and levels&quot;, &quot;Explore Language Learning details&quot;](3)" classname="com.identifycourses.runners.TestRunner" time="28.448">
    <system-out><![CDATA[
@language_details
Scenario: Open language learning and fetch languages and levels   # src/test/resources/features/3_language_details.feature:4
11:33:57.490 [main] INFO  com.identifycourses.base.DriverSetup - Initializing WebDriver for browser: chrome
11:33:57.516 [main] INFO  io.github.bonigarcia.wdm.WebDriverManager - Using chromedriver 138.0.7204.183 (resolved driver for Chrome 138)
11:33:57.531 [main] INFO  io.github.bonigarcia.wdm.WebDriverManager - Exporting webdriver.chrome.driver as C:\Users\2421375\.cache\selenium\chromedriver\win64\138.0.7204.183\chromedriver.exe
11:33:59.667 [main] INFO  com.identifycourses.base.DriverSetup - WebDriver initialized successfully
11:33:59.669 [main] INFO  com.identifycourses.base.DriverSetup - Navigating to application URL: https://coursera.org/
  Given the browser is open on the Coursera homepage              # com.identifycourses.stepdefinitions.SearchCoursesSteps.the_browser_is_open_on_the_coursera_homepage()
  And the user navigates to language learning                     # com.identifycourses.stepdefinitions.LanguageDetailsSteps.the_user_navigates_to_language_learning()
11:34:10.277 [main] INFO  com.identifycourses.pages.LanguageLearningPage - Scrolling to Popular topics element
11:34:10.362 [main] INFO  com.identifycourses.pages.LanguageLearningPage - Feteching popular topics
11:34:14.391 [main] INFO  com.identifycourses.pages.LanguageLearningPage - Scrolling to Languages element
11:34:16.777 [main] INFO  com.identifycourses.pages.LanguageLearningPage - Language - English
11:34:16.779 [main] INFO  com.identifycourses.pages.LanguageLearningPage - Count - 8467
11:34:16.813 [main] INFO  com.identifycourses.pages.LanguageLearningPage - Language - Spanish
11:34:16.813 [main] INFO  com.identifycourses.pages.LanguageLearningPage - Count - 7314
11:34:16.848 [main] INFO  com.identifycourses.pages.LanguageLearningPage - Language - French
11:34:16.848 [main] INFO  com.identifycourses.pages.LanguageLearningPage - Count - 5852
11:34:16.868 [main] INFO  com.identifycourses.pages.LanguageLearningPage - Language - Portuguese
11:34:16.869 [main] INFO  com.identifycourses.pages.LanguageLearningPage - Count - 5833
11:34:16.901 [main] INFO  com.identifycourses.pages.LanguageLearningPage - Language - German
11:34:16.902 [main] INFO  com.identifycourses.pages.LanguageLearningPage - Count - 5683
11:34:16.925 [main] INFO  com.identifycourses.pages.LanguageLearningPage - Language - Arabic
11:34:16.926 [main] INFO  com.identifycourses.pages.LanguageLearningPage - Count - 5640
11:34:16.949 [main] INFO  com.identifycourses.pages.LanguageLearningPage - Language - Indonesian
11:34:16.949 [main] INFO  com.identifycourses.pages.LanguageLearningPage - Count - 5542
11:34:16.971 [main] INFO  com.identifycourses.pages.LanguageLearningPage - Language - Russian
11:34:16.971 [main] INFO  com.identifycourses.pages.LanguageLearningPage - Count - 5506
11:34:16.988 [main] INFO  com.identifycourses.pages.LanguageLearningPage - Language - Chinese
11:34:16.988 [main] INFO  com.identifycourses.pages.LanguageLearningPage - Count - 5442
11:34:17.006 [main] INFO  com.identifycourses.pages.LanguageLearningPage - Language - Hindi
11:34:17.008 [main] INFO  com.identifycourses.pages.LanguageLearningPage - Count - 5212
11:34:17.026 [main] INFO  com.identifycourses.pages.LanguageLearningPage - Language - Korean
11:34:17.027 [main] INFO  com.identifycourses.pages.LanguageLearningPage - Count - 5164
11:34:17.040 [main] INFO  com.identifycourses.pages.LanguageLearningPage - Language - Japanese
11:34:17.041 [main] INFO  com.identifycourses.pages.LanguageLearningPage - Count - 5151
11:34:17.059 [main] INFO  com.identifycourses.pages.LanguageLearningPage - Language - Turkish
11:34:17.059 [main] INFO  com.identifycourses.pages.LanguageLearningPage - Count - 5064
11:34:17.074 [main] INFO  com.identifycourses.pages.LanguageLearningPage - Language - Italian
11:34:17.074 [main] INFO  com.identifycourses.pages.LanguageLearningPage - Count - 5054
11:34:17.092 [main] INFO  com.identifycourses.pages.LanguageLearningPage - Language - Thai
11:34:17.092 [main] INFO  com.identifycourses.pages.LanguageLearningPage - Count - 5020
11:34:17.107 [main] INFO  com.identifycourses.pages.LanguageLearningPage - Language - Ukrainian
11:34:17.107 [main] INFO  com.identifycourses.pages.LanguageLearningPage - Count - 5000
11:34:17.127 [main] INFO  com.identifycourses.pages.LanguageLearningPage - Language - Greek
11:34:17.127 [main] INFO  com.identifycourses.pages.LanguageLearningPage - Count - 4966
11:34:17.150 [main] INFO  com.identifycourses.pages.LanguageLearningPage - Language - Dutch
11:34:17.150 [main] INFO  com.identifycourses.pages.LanguageLearningPage - Count - 4936
11:34:17.171 [main] INFO  com.identifycourses.pages.LanguageLearningPage - Language - Polish
11:34:17.171 [main] INFO  com.identifycourses.pages.LanguageLearningPage - Count - 4933
11:34:17.189 [main] INFO  com.identifycourses.pages.LanguageLearningPage - Language - Swedish
11:34:17.189 [main] INFO  com.identifycourses.pages.LanguageLearningPage - Count - 4899
11:34:17.205 [main] INFO  com.identifycourses.pages.LanguageLearningPage - Language - Kazakh
11:34:17.206 [main] INFO  com.identifycourses.pages.LanguageLearningPage - Count - 4760
11:34:17.227 [main] INFO  com.identifycourses.pages.LanguageLearningPage - Language - Vietnamese
11:34:17.228 [main] INFO  com.identifycourses.pages.LanguageLearningPage - Count - 3535
11:34:17.248 [main] INFO  com.identifycourses.pages.LanguageLearningPage - Language - Hungarian
11:34:17.249 [main] INFO  com.identifycourses.pages.LanguageLearningPage - Count - 3093
11:34:17.276 [main] INFO  com.identifycourses.pages.LanguageLearningPage - Language - Pushto
11:34:17.277 [main] INFO  com.identifycourses.pages.LanguageLearningPage - Count - 3044
11:34:17.308 [main] INFO  com.identifycourses.pages.LanguageLearningPage - Language - Urdu
11:34:17.308 [main] INFO  com.identifycourses.pages.LanguageLearningPage - Count - 2918
11:34:17.346 [main] INFO  com.identifycourses.pages.LanguageLearningPage - Language - Bengali
11:34:17.346 [main] INFO  com.identifycourses.pages.LanguageLearningPage - Count - 2911
11:34:17.369 [main] INFO  com.identifycourses.pages.LanguageLearningPage - Language - Azerbaijani
11:34:17.370 [main] INFO  com.identifycourses.pages.LanguageLearningPage - Count - 2900
11:34:17.387 [main] INFO  com.identifycourses.pages.LanguageLearningPage - Language - Oriya
11:34:17.387 [main] INFO  com.identifycourses.pages.LanguageLearningPage - Count - 488
11:34:17.409 [main] INFO  com.identifycourses.pages.LanguageLearningPage - Language - Uzbek
11:34:17.410 [main] INFO  com.identifycourses.pages.LanguageLearningPage - Count - 119
11:34:17.434 [main] INFO  com.identifycourses.pages.LanguageLearningPage - Language - Romanian
11:34:17.435 [main] INFO  com.identifycourses.pages.LanguageLearningPage - Count - 111
11:34:17.469 [main] INFO  com.identifycourses.pages.LanguageLearningPage - Language - Persian
11:34:17.470 [main] INFO  com.identifycourses.pages.LanguageLearningPage - Count - 109
11:34:17.493 [main] INFO  com.identifycourses.pages.LanguageLearningPage - Language - Serbian
11:34:17.493 [main] INFO  com.identifycourses.pages.LanguageLearningPage - Count - 44
11:34:17.513 [main] INFO  com.identifycourses.pages.LanguageLearningPage - Language - Catalan
11:34:17.513 [main] INFO  com.identifycourses.pages.LanguageLearningPage - Count - 39
11:34:17.533 [main] INFO  com.identifycourses.pages.LanguageLearningPage - Language - Hebrew
11:34:17.533 [main] INFO  com.identifycourses.pages.LanguageLearningPage - Count - 37
11:34:17.551 [main] INFO  com.identifycourses.pages.LanguageLearningPage - Language - Afrikaans
11:34:17.551 [main] INFO  com.identifycourses.pages.LanguageLearningPage - Count - 35
11:34:17.567 [main] INFO  com.identifycourses.pages.LanguageLearningPage - Language - Javanese
11:34:17.567 [main] INFO  com.identifycourses.pages.LanguageLearningPage - Count - 34
11:34:17.587 [main] INFO  com.identifycourses.pages.LanguageLearningPage - Language - Tamil
11:34:17.587 [main] INFO  com.identifycourses.pages.LanguageLearningPage - Count - 21
11:34:17.604 [main] INFO  com.identifycourses.pages.LanguageLearningPage - Language - Mongolian
11:34:17.605 [main] INFO  com.identifycourses.pages.LanguageLearningPage - Count - 16
11:34:17.620 [main] INFO  com.identifycourses.pages.LanguageLearningPage - Language - Telugu
11:34:17.620 [main] INFO  com.identifycourses.pages.LanguageLearningPage - Count - 15
11:34:17.636 [main] INFO  com.identifycourses.pages.LanguageLearningPage - Language - Czech
11:34:17.636 [main] INFO  com.identifycourses.pages.LanguageLearningPage - Count - 14
11:34:17.654 [main] INFO  com.identifycourses.pages.LanguageLearningPage - Language - Croatian
11:34:17.654 [main] INFO  com.identifycourses.pages.LanguageLearningPage - Count - 13
11:34:17.670 [main] INFO  com.identifycourses.pages.LanguageLearningPage - Language - Lithuanian
11:34:17.671 [main] INFO  com.identifycourses.pages.LanguageLearningPage - Count - 12
11:34:17.688 [main] INFO  com.identifycourses.pages.LanguageLearningPage - Language - Estonian
11:34:17.689 [main] INFO  com.identifycourses.pages.LanguageLearningPage - Count - 10
11:34:17.713 [main] INFO  com.identifycourses.pages.LanguageLearningPage - Language - Bulgarian
11:34:17.714 [main] INFO  com.identifycourses.pages.LanguageLearningPage - Count - 9
11:34:17.736 [main] INFO  com.identifycourses.pages.LanguageLearningPage - Language - Burmese
11:34:17.736 [main] INFO  com.identifycourses.pages.LanguageLearningPage - Count - 8
11:34:17.759 [main] INFO  com.identifycourses.pages.LanguageLearningPage - Language - Slovak
11:34:17.759 [main] INFO  com.identifycourses.pages.LanguageLearningPage - Count - 8
11:34:17.779 [main] INFO  com.identifycourses.pages.LanguageLearningPage - Language - Albanian
11:34:17.781 [main] INFO  com.identifycourses.pages.LanguageLearningPage - Count - 7
11:34:17.797 [main] INFO  com.identifycourses.pages.LanguageLearningPage - Language - Georgian
11:34:17.797 [main] INFO  com.identifycourses.pages.LanguageLearningPage - Count - 7
11:34:17.812 [main] INFO  com.identifycourses.pages.LanguageLearningPage - Language - Nepali
11:34:17.812 [main] INFO  com.identifycourses.pages.LanguageLearningPage - Count - 7
11:34:17.830 [main] INFO  com.identifycourses.pages.LanguageLearningPage - Language - Marathi
11:34:17.830 [main] INFO  com.identifycourses.pages.LanguageLearningPage - Count - 5
11:34:17.845 [main] INFO  com.identifycourses.pages.LanguageLearningPage - Language - Amharic
11:34:17.845 [main] INFO  com.identifycourses.pages.LanguageLearningPage - Count - 4
11:34:17.886 [main] INFO  com.identifycourses.pages.LanguageLearningPage - Language - Somali
11:34:17.887 [main] INFO  com.identifycourses.pages.LanguageLearningPage - Count - 4
11:34:17.924 [main] INFO  com.identifycourses.pages.LanguageLearningPage - Language - Swahili
11:34:17.924 [main] INFO  com.identifycourses.pages.LanguageLearningPage - Count - 4
11:34:17.951 [main] INFO  com.identifycourses.pages.LanguageLearningPage - Language - Tagalog
11:34:17.951 [main] INFO  com.identifycourses.pages.LanguageLearningPage - Count - 3
11:34:17.972 [main] INFO  com.identifycourses.pages.LanguageLearningPage - Language - Danish
11:34:17.972 [main] INFO  com.identifycourses.pages.LanguageLearningPage - Count - 2
11:34:17.988 [main] INFO  com.identifycourses.pages.LanguageLearningPage - Language - Finnish
11:34:17.988 [main] INFO  com.identifycourses.pages.LanguageLearningPage - Count - 1
11:34:18.004 [main] INFO  com.identifycourses.pages.LanguageLearningPage - Language - Kannada
11:34:18.005 [main] INFO  com.identifycourses.pages.LanguageLearningPage - Count - 1
11:34:18.020 [main] INFO  com.identifycourses.pages.LanguageLearningPage - Language - Khmer
11:34:18.020 [main] INFO  com.identifycourses.pages.LanguageLearningPage - Count - 1
11:34:18.036 [main] INFO  com.identifycourses.pages.LanguageLearningPage - Language - Kinyarwanda
11:34:18.037 [main] INFO  com.identifycourses.pages.LanguageLearningPage - Count - 1
11:34:18.053 [main] INFO  com.identifycourses.pages.LanguageLearningPage - Language - Latvian
11:34:18.053 [main] INFO  com.identifycourses.pages.LanguageLearningPage - Count - 1
11:34:18.066 [main] INFO  com.identifycourses.pages.LanguageLearningPage - Language - Macedonian
11:34:18.066 [main] INFO  com.identifycourses.pages.LanguageLearningPage - Count - 1
11:34:18.081 [main] INFO  com.identifycourses.pages.LanguageLearningPage - Language - Nyanja
11:34:18.081 [main] INFO  com.identifycourses.pages.LanguageLearningPage - Count - 1
11:34:18.096 [main] INFO  com.identifycourses.pages.LanguageLearningPage - Language - Slovenian
11:34:18.096 [main] INFO  com.identifycourses.pages.LanguageLearningPage - Count - 1
11:34:18.276 [main] INFO  com.identifycourses.utils.JsonUtil - Wrote language data to C:\Users\2421375\Downloads\IdentifyCourses 2\IdentifyCourses\IdentifyCourses2\src\test\resources\testdata\language_details.json (languages: 63, levels: 0)
11:34:18.277 [main] INFO  com.identifycourses.pages.LanguageLearningPage - Scrolling to Languages element
11:34:18.419 [main] INFO  com.identifycourses.pages.LanguageLearningPage - Language Level - Beginner
11:34:18.426 [main] INFO  com.identifycourses.pages.LanguageLearningPage - Count - 5107
11:34:18.469 [main] INFO  com.identifycourses.pages.LanguageLearningPage - Language Level - Intermediate
11:34:18.469 [main] INFO  com.identifycourses.pages.LanguageLearningPage - Count - 3165
11:34:18.504 [main] INFO  com.identifycourses.pages.LanguageLearningPage - Language Level - Advanced
11:34:18.506 [main] INFO  com.identifycourses.pages.LanguageLearningPage - Count - 359
11:34:18.535 [main] INFO  com.identifycourses.pages.LanguageLearningPage - Language Level - Mixed
11:34:18.535 [main] INFO  com.identifycourses.pages.LanguageLearningPage - Count - 1172
11:34:18.538 [main] INFO  com.identifycourses.utils.JsonUtil - Wrote language data to C:\Users\2421375\Downloads\IdentifyCourses 2\IdentifyCourses\IdentifyCourses2\src\test\resources\testdata\language_details.json (languages: 63, levels: 4)
  Then the user explores popular topics and fetches language data # com.identifycourses.stepdefinitions.LanguageDetailsSteps.the_user_explores_popular_topics_and_fetches_language_data()
11:34:18.543 [main] INFO  com.identifycourses.base.DriverSetup - Closing browser and cleaning up resources
11:34:25.905 [main] INFO  com.identifycourses.base.DriverSetup - Browser closed successfully
]]></system-out>
  </testcase>
  <testcase name="runScenario[&quot;Go to Enterprise Campus product page from the homepage&quot;, &quot;Navigate to Coursera Enterprise&quot;](4)" classname="com.identifycourses.runners.TestRunner" time="25.527">
    <system-out><![CDATA[
@enterprise_nav
Scenario: Go to Enterprise Campus product page from the homepage # src/test/resources/features/4_navigate_enterprise.feature:4
11:34:25.942 [main] INFO  com.identifycourses.base.DriverSetup - Initializing WebDriver for browser: chrome
11:34:25.983 [main] INFO  io.github.bonigarcia.wdm.WebDriverManager - Using chromedriver 138.0.7204.183 (resolved driver for Chrome 138)
11:34:25.991 [main] INFO  io.github.bonigarcia.wdm.WebDriverManager - Exporting webdriver.chrome.driver as C:\Users\2421375\.cache\selenium\chromedriver\win64\138.0.7204.183\chromedriver.exe
11:34:28.008 [main] INFO  com.identifycourses.base.DriverSetup - WebDriver initialized successfully
11:34:28.008 [main] INFO  com.identifycourses.base.DriverSetup - Navigating to application URL: https://coursera.org/
  Given the browser is open on the Coursera homepage             # com.identifycourses.stepdefinitions.SearchCoursesSteps.the_browser_is_open_on_the_coursera_homepage()
11:34:39.518 [main] INFO  com.identifycourses.pages.EnterprisePage - Scrolling to Campus Product element
  When the user goes to the enterprise campus product page       # com.identifycourses.stepdefinitions.EnterpriseNavigationSteps.the_user_goes_to_the_enterprise_campus_product_page()
11:34:45.676 [main] INFO  com.identifycourses.base.DriverSetup - Closing browser and cleaning up resources
11:34:51.440 [main] INFO  com.identifycourses.base.DriverSetup - Browser closed successfully
]]></system-out>
  </testcase>
  <testcase name="runScenario[&quot;Navigate to enterprise and fill the form from the homepage&quot;, &quot;Interact with Coursera Enterprise&quot;](5)" classname="com.identifycourses.runners.TestRunner" time="40.642">
    <system-out><![CDATA[
@enterprise_form
Scenario: Navigate to enterprise and fill the form from the homepage # src/test/resources/features/5_enterprise_form.feature:4
11:34:51.468 [main] INFO  com.identifycourses.base.DriverSetup - Initializing WebDriver for browser: chrome
11:34:51.505 [main] INFO  io.github.bonigarcia.wdm.WebDriverManager - Using chromedriver 138.0.7204.183 (resolved driver for Chrome 138)
11:34:51.518 [main] INFO  io.github.bonigarcia.wdm.WebDriverManager - Exporting webdriver.chrome.driver as C:\Users\2421375\.cache\selenium\chromedriver\win64\138.0.7204.183\chromedriver.exe
11:34:53.653 [main] INFO  com.identifycourses.base.DriverSetup - WebDriver initialized successfully
11:34:53.654 [main] INFO  com.identifycourses.base.DriverSetup - Navigating to application URL: https://coursera.org/
  Given the browser is open on the Coursera homepage                 # com.identifycourses.stepdefinitions.SearchCoursesSteps.the_browser_is_open_on_the_coursera_homepage()
11:35:04.391 [main] INFO  com.identifycourses.pages.EnterprisePage - Scrolling to Campus Product element
  When the user navigates to enterprise campus product page          # com.identifycourses.stepdefinitions.EnterpriseFormSteps.the_user_navigates_to_enterprise_campus_product_page()
11:35:09.945 [main] INFO  com.identifycourses.utils.ExcelUtil - Loading Excel file: src/test/resources/testdata/test_data.xlsx
11:35:12.358 [main] INFO  com.identifycourses.utils.ExcelUtil - Excel file loaded successfully
11:35:12.365 [main] INFO  com.identifycourses.utils.ExcelUtil - Sheet found: TEST_INPUT_FORM
11:35:12.539 [main] INFO  com.identifycourses.pages.EnterprisePage - Filling form
11:35:15.473 [main] INFO  com.identifycourses.pages.EnterprisePage - Submitting form
11:35:18.791 [main] INFO  com.identifycourses.pages.EnterprisePage - Message - Invalid Input
11:35:19.457 [main] INFO  com.identifycourses.pages.EnterprisePage - Filling form
11:35:21.871 [main] INFO  com.identifycourses.pages.EnterprisePage - Submitting form
11:35:23.800 [main] INFO  com.identifycourses.pages.EnterprisePage - Message - Invalid Input
  Then the user fills the form with test data                        # com.identifycourses.stepdefinitions.EnterpriseFormSteps.the_user_fills_the_form_with_test_data()
11:35:24.383 [main] INFO  com.identifycourses.base.DriverSetup - Closing browser and cleaning up resources
11:35:32.083 [main] INFO  com.identifycourses.base.DriverSetup - Browser closed successfully
]]></system-out>
  </testcase>
</testsuite>