<?xml version="1.0" encoding="UTF-8"?>
<testng-results ignored="0" total="5" passed="5" failed="0" skipped="0">
  <reporter-output>
  </reporter-output>
  <suite started-at="2025-09-05T10:29:23 IST" name="IdentifyCoursesTestSuite" finished-at="2025-09-05T10:32:40 IST" duration-ms="196234">
    <groups>
      <group name="cucumber">
        <method signature="AbstractTestNGCucumberTests.runScenario(io.cucumber.testng.PickleWrapper,io.cucumber.testng.FeatureWrapper)[pri:0, instance:com.identifycourses.runners.TestRunner@31024624]" name="runScenario" class="io.cucumber.testng.AbstractTestNGCucumberTests"/>
        <method signature="AbstractTestNGCucumberTests.runScenario(io.cucumber.testng.PickleWrapper,io.cucumber.testng.FeatureWrapper)[pri:0, instance:com.identifycourses.runners.RerunTestRunner@4a8ab068]" name="runScenario" class="io.cucumber.testng.AbstractTestNGCucumberTests"/>
      </group> <!-- cucumber -->
    </groups>
    <test started-at="2025-09-05T10:29:23 IST" name="IdentifyCoursesTest" finished-at="2025-09-05T10:32:08 IST" duration-ms="164703">
      <class name="com.identifycourses.runners.TestRunner">
        <test-method is-config="true" signature="setUpClass(org.testng.ITestContext)[pri:0, instance:com.identifycourses.runners.TestRunner@31024624]" started-at="2025-09-05T10:29:23 IST" name="setUpClass" finished-at="2025-09-05T10:29:24 IST" duration-ms="793" status="PASS">
          <params>
            <param index="0">
              <value>
                <![CDATA[org.testng.TestRunner@13ebccd]]>
              </value>
            </param>
          </params>
          <reporter-output>
          </reporter-output>
        </test-method> <!-- setUpClass -->
        <test-method signature="runScenario(io.cucumber.testng.PickleWrapper,io.cucumber.testng.FeatureWrapper)[pri:0, instance:com.identifycourses.runners.TestRunner@31024624]" started-at="2025-09-05T10:29:24 IST" name="runScenario" description="Runs Cucumber Scenarios" data-provider="scenarios" finished-at="2025-09-05T10:29:45 IST" duration-ms="21227" status="PASS">
          <params>
            <param index="0">
              <value>
                <![CDATA["Search a course from the homepage"]]>
              </value>
            </param>
            <param index="1">
              <value>
                <![CDATA["Search Courses on Coursera"]]>
              </value>
            </param>
          </params>
          <reporter-output>
          </reporter-output>
        </test-method> <!-- runScenario -->
        <test-method signature="runScenario(io.cucumber.testng.PickleWrapper,io.cucumber.testng.FeatureWrapper)[pri:0, instance:com.identifycourses.runners.TestRunner@31024624]" started-at="2025-09-05T10:29:45 IST" name="runScenario" description="Runs Cucumber Scenarios" data-provider="scenarios" finished-at="2025-09-05T10:30:07 IST" duration-ms="21644" status="PASS">
          <params>
            <param index="0">
              <value>
                <![CDATA["Filter beginner English courses and extract details"]]>
              </value>
            </param>
            <param index="1">
              <value>
                <![CDATA["Filter courses and extract details"]]>
              </value>
            </param>
          </params>
          <reporter-output>
          </reporter-output>
        </test-method> <!-- runScenario -->
        <test-method signature="runScenario(io.cucumber.testng.PickleWrapper,io.cucumber.testng.FeatureWrapper)[pri:0, instance:com.identifycourses.runners.TestRunner@31024624]" started-at="2025-09-05T10:30:07 IST" name="runScenario" description="Runs Cucumber Scenarios" data-provider="scenarios" finished-at="2025-09-05T10:30:39 IST" duration-ms="32259" status="PASS">
          <params>
            <param index="0">
              <value>
                <![CDATA["Open language learning and fetch languages and levels"]]>
              </value>
            </param>
            <param index="1">
              <value>
                <![CDATA["Explore Language Learning details"]]>
              </value>
            </param>
          </params>
          <reporter-output>
          </reporter-output>
        </test-method> <!-- runScenario -->
        <test-method signature="runScenario(io.cucumber.testng.PickleWrapper,io.cucumber.testng.FeatureWrapper)[pri:0, instance:com.identifycourses.runners.TestRunner@31024624]" started-at="2025-09-05T10:30:39 IST" name="runScenario" description="Runs Cucumber Scenarios" data-provider="scenarios" finished-at="2025-09-05T10:31:06 IST" duration-ms="26735" status="PASS">
          <params>
            <param index="0">
              <value>
                <![CDATA["Go to Enterprise Campus product page from the homepage"]]>
              </value>
            </param>
            <param index="1">
              <value>
                <![CDATA["Navigate to Coursera Enterprise"]]>
              </value>
            </param>
          </params>
          <reporter-output>
          </reporter-output>
        </test-method> <!-- runScenario -->
        <test-method signature="runScenario(io.cucumber.testng.PickleWrapper,io.cucumber.testng.FeatureWrapper)[pri:0, instance:com.identifycourses.runners.TestRunner@31024624]" started-at="2025-09-05T10:31:06 IST" name="runScenario" description="Runs Cucumber Scenarios" data-provider="scenarios" finished-at="2025-09-05T10:31:48 IST" duration-ms="41692" status="PASS">
          <params>
            <param index="0">
              <value>
                <![CDATA["Navigate to enterprise and fill the form from the homepage"]]>
              </value>
            </param>
            <param index="1">
              <value>
                <![CDATA["Interact with Coursera Enterprise"]]>
              </value>
            </param>
          </params>
          <reporter-output>
          </reporter-output>
        </test-method> <!-- runScenario -->
        <test-method is-config="true" signature="tearDownClass()[pri:0, instance:com.identifycourses.runners.TestRunner@31024624]" started-at="2025-09-05T10:31:48 IST" name="tearDownClass" finished-at="2025-09-05T10:32:08 IST" duration-ms="20257" status="PASS">
          <reporter-output>
          </reporter-output>
        </test-method> <!-- tearDownClass -->
      </class> <!-- com.identifycourses.runners.TestRunner -->
    </test> <!-- IdentifyCoursesTest -->
    <test started-at="2025-09-05T10:32:08 IST" name="IdentifyCoursesRerun" finished-at="2025-09-05T10:32:40 IST" duration-ms="31492">
      <class name="com.identifycourses.runners.RerunTestRunner">
        <test-method is-config="true" signature="setUpClass(org.testng.ITestContext)[pri:0, instance:com.identifycourses.runners.RerunTestRunner@4a8ab068]" started-at="2025-09-05T10:32:08 IST" name="setUpClass" finished-at="2025-09-05T10:32:08 IST" duration-ms="37" status="PASS">
          <params>
            <param index="0">
              <value>
                <![CDATA[org.testng.TestRunner@4e80960a]]>
              </value>
            </param>
          </params>
          <reporter-output>
          </reporter-output>
        </test-method> <!-- setUpClass -->
        <test-method is-config="true" signature="tearDownClass()[pri:0, instance:com.identifycourses.runners.RerunTestRunner@4a8ab068]" started-at="2025-09-05T10:32:08 IST" name="tearDownClass" finished-at="2025-09-05T10:32:40 IST" duration-ms="31449" status="PASS">
          <reporter-output>
          </reporter-output>
        </test-method> <!-- tearDownClass -->
      </class> <!-- com.identifycourses.runners.RerunTestRunner -->
    </test> <!-- IdentifyCoursesRerun -->
  </suite> <!-- IdentifyCoursesTestSuite -->
</testng-results>
